<?xml version="1.0" encoding="UTF-8"?>
<testsuite name="CustomerTest" tests="9" skipped="0" failures="0" errors="0" timestamp="2023-11-03T15:30:05" hostname="DESKTOP-ED2VR0H" time="0.052">
  <properties/>
  <testcase name="when_renting_one_child_movie_for_2_days_then_statement_has_1_5_price_and_1_credit" classname="CustomerTest" time="0.038"/>
  <testcase name="when_renting_regular_movie_for_1_day_then_statement_has_2_price_and_1_credit" classname="CustomerTest" time="0.001"/>
  <testcase name="when_renting_all_types_of_movies" classname="CustomerTest" time="0.002"/>
  <testcase name="when_renting_one_child_movie_for_5_days_then_statement_has_4_5_price_and_1_credit" classname="CustomerTest" time="0.0"/>
  <testcase name="when_renting_two_new_movie_for_3_and_4_days_respectively_then_statement_has_21_price_and_4_credits" classname="CustomerTest" time="0.0"/>
  <testcase name="rent_no_movies" classname="CustomerTest" time="0.002"/>
  <testcase name="when_renting_a_new_release_for_1_day_then_statement_has_3_price_and_1_credit" classname="CustomerTest" time="0.001"/>
  <testcase name="when_renting_one_new_movie_for_3_days_then_statement_has_9_price_and_2_credits" classname="CustomerTest" time="0.001"/>
  <testcase name="when_renting_one_regular_movie_for_5_days_then_statement_has_6_5_price_and_1_credit" classname="CustomerTest" time="0.001"/>
  <system-out><![CDATA[]]></system-out>
  <system-err><![CDATA[]]></system-err>
</testsuite>
